<?xml version="1.0" encoding="UTF-8"?>
<!-- Generated by org.testng.reporters.JUnitReportReporter -->
<testsuite skipped="0" hostname="BCN-3JSB5Y2" name="com.selenium.tests.AmanzonTest" tests="1" failures="0" timestamp="2020-04-16T12:51:10 CEST" time="10.619" errors="0">
  <testcase name="TestAmazonSearch" time="10.619" classname="com.selenium.tests.AmanzonTest"/>
  <system-out/>
</testsuite> <!-- com.selenium.tests.AmanzonTest -->
